[libvpx-vp9 @ 00000219fdde8f00] Neither bitrate nor constrained quality specified, using default CRF of 32
[libvpx-vp9 @ 000002137f418f00] Neither bitrate nor constrained quality specified, using default CRF of 32
[libvpx-vp9 @ 0000018f3b538f00] Neither bitrate nor constrained quality specified, using default CRF of 32
[libvpx-vp9 @ 000001675c358f00] Neither bitrate nor constrained quality specified, using default CRF of 32
[libvpx-vp9 @ 0000022b2c3b8f00] Neither bitrate nor constrained quality specified, using default CRF of 32
[libvpx-vp9 @ 000001c097cc8f00] Neither bitrate nor constrained quality specified, using default CRF of 32
[libvpx-vp9 @ 0000018875658f00] Neither bitrate nor constrained quality specified, using default CRF of 32
[libvpx-vp9 @ 0000019314958f00] Neither bitrate nor constrained quality specified, using default CRF of 32
[libvpx-vp9 @ 0000018b6b258f00] Neither bitrate nor constrained quality specified, using default CRF of 32
[libvpx-vp9 @ 000001fa56d48f00] Neither bitrate nor constrained quality specified, using default CRF of 32
[libvpx-vp9 @ 000001ef95a88f00] Neither bitrate nor constrained quality specified, using default CRF of 32
[libvpx-vp9 @ 0000014081cd8f00] Neither bitrate nor constrained quality specified, using default CRF of 32
[libvpx-vp9 @ 000001c795948f00] Neither bitrate nor constrained quality specified, using default CRF of 32
[libvpx-vp9 @ 00000282680f8f00] Neither bitrate nor constrained quality specified, using default CRF of 32
[libvpx-vp9 @ 000002516ffc8f00] Neither bitrate nor constrained quality specified, using default CRF of 32
[libvpx-vp9 @ 000001e6a6998f00] Neither bitrate nor constrained quality specified, using default CRF of 32
[libvpx-vp9 @ 0000016af0f68f00] Neither bitrate nor constrained quality specified, using default CRF of 32
[libvpx-vp9 @ 0000019d4a768f00] Neither bitrate nor constrained quality specified, using default CRF of 32
[libvpx-vp9 @ 0000021c0b8d8f00] Neither bitrate nor constrained quality specified, using default CRF of 32
[libvpx-vp9 @ 000002ad47e68f00] Neither bitrate nor constrained quality specified, using default CRF of 32
[libvpx-vp9 @ 000001aa1e218f00] Neither bitrate nor constrained quality specified, using default CRF of 32
[libvpx-vp9 @ 000001aae1838f00] Neither bitrate nor constrained quality specified, using default CRF of 32
[libvpx-vp9 @ 000002c08fc18f00] Neither bitrate nor constrained quality specified, using default CRF of 32
[libvpx-vp9 @ 00000260d4658f00] Neither bitrate nor constrained quality specified, using default CRF of 32
[libvpx-vp9 @ 000001d7c3fa8f00] Neither bitrate nor constrained quality specified, using default CRF of 32
[libvpx-vp9 @ 000002c218128f00] Neither bitrate nor constrained quality specified, using default CRF of 32
[libvpx-vp9 @ 0000020f73928f00] Neither bitrate nor constrained quality specified, using default CRF of 32
[libvpx-vp9 @ 000001e057958f00] Neither bitrate nor constrained quality specified, using default CRF of 32
[libvpx-vp9 @ 00000189114e8f00] Neither bitrate nor constrained quality specified, using default CRF of 32
[libvpx-vp9 @ 0000023231978f00] Neither bitrate nor constrained quality specified, using default CRF of 32
[libvpx-vp9 @ 000002600c938f00] Neither bitrate nor constrained quality specified, using default CRF of 32
[libvpx-vp9 @ 000001c3fb7e8f00] Neither bitrate nor constrained quality specified, using default CRF of 32
[libvpx-vp9 @ 000001e28dbc8f00] Neither bitrate nor constrained quality specified, using default CRF of 32
[libvpx-vp9 @ 000001ea7e338f00] Neither bitrate nor constrained quality specified, using default CRF of 32
[libvpx-vp9 @ 000001978fac8f00] Neither bitrate nor constrained quality specified, using default CRF of 32
[libvpx-vp9 @ 000001a00fed8f00] Neither bitrate nor constrained quality specified, using default CRF of 32
[libvpx-vp9 @ 0000012cbcc58f00] Neither bitrate nor constrained quality specified, using default CRF of 32
[libvpx-vp9 @ 0000023b9e7e8f00] Neither bitrate nor constrained quality specified, using default CRF of 32
[libvpx-vp9 @ 000001e947148f00] Neither bitrate nor constrained quality specified, using default CRF of 32
[libvpx-vp9 @ 000002b4ef778f00] Neither bitrate nor constrained quality specified, using default CRF of 32
[libvpx-vp9 @ 000001e28ca38f00] Neither bitrate nor constrained quality specified, using default CRF of 32
[libvpx-vp9 @ 000002a892e48f00] Neither bitrate nor constrained quality specified, using default CRF of 32
[libvpx-vp9 @ 000002c139fc8f00] Neither bitrate nor constrained quality specified, using default CRF of 32
Building meet_caly_sprout_long...
  scene 1/15: Hi! I'm Caly Sprout! Welcome to Calyndra!...
    mux fail: [WinError 2] The system cannot find the file specified
  scene 2/15: I am your friendly helper for picture words....
    mux fail: [WinError 2] The system cannot find the file specified
  scene 3/15: Picture words help you tell grown-ups what you wan...
    mux fail: [WinError 2] The system cannot find the file specified
  scene 4/15: Like help, more, eat, and play!...
    mux fail: [WinError 2] The system cannot find the file specified
  scene 5/15: See the HELP picture? It means I need help....
    mux fail: [WinError 2] The system cannot find the file specified
  scene 6/15: You can tap a picture on the screen....
    mux fail: [WinError 2] The system cannot find the file specified
  scene 7/15: Or point to it. Or look at it. All of those count!...
    mux fail: [WinError 2] The system cannot find the file specified
  scene 8/15: A grown-up who loves you will listen....
    mux fail: [WinError 2] The system cannot find the file specified
  scene 9/15: You never have to use words with your mouth....
    mux fail: [WinError 2] The system cannot find the file specified
  scene 10/15: Pictures are a real way to talk!...
    mux fail: [WinError 2] The system cannot find the file specified
  scene 11/15: Let's try together. Can you find HELP?...
    mux fail: [WinError 2] The system cannot find the file specified
  scene 12/15: Tap the screen when you see it!...
    mux fail: [WinError 2] The system cannot find the file specified
  scene 13/15: Wonderful! Every try is a win!...
    mux fail: [WinError 2] The system cannot find the file specified
  scene 14/15: You can say no anytime. No is always okay....
    mux fail: [WinError 2] The system cannot find the file specified
  scene 15/15: I am so happy you are here. Let's play and learn!...
    mux fail: [WinError 2] The system cannot find the file specified
  OK meet_caly_sprout_long.webm (~4s)
Building first_word_help_long...
  scene 1/15: Sometimes things are hard to reach....
    mux fail: [WinError 2] The system cannot find the file specified
  scene 2/15: Or too heavy. Or confusing. That is okay!...
    mux fail: [WinError 2] The system cannot find the file specified
  scene 3/15: When you need help, use the HELP picture....
    mux fail: [WinError 2] The system cannot find the file specified
  scene 4/15: HELP means: please help me....
    mux fail: [WinError 2] The system cannot find the file specified
  scene 5/15: Look at the open hand reaching up....
    mux fail: [WinError 2] The system cannot find the file specified
  scene 6/15: Your grown-up can show you HELP on a board....
    mux fail: [WinError 2] The system cannot find the file specified
  scene 7/15: You tap HELP. They come help you....
    mux fail: [WinError 2] The system cannot find the file specified
  scene 8/15: You can also point. Or bring the picture to them....
    mux fail: [WinError 2] The system cannot find the file specified
  scene 9/15: Grown-ups want to help you....
    mux fail: [WinError 2] The system cannot find the file specified
  scene 10/15: They might not know until you show the picture....
    mux fail: [WinError 2] The system cannot find the file specified
  scene 11/15: That is why HELP is such a powerful word!...
    mux fail: [WinError 2] The system cannot find the file specified
  scene 12/15: Let's practice. Imagine a toy on a shelf....
    mux fail: [WinError 2] The system cannot find the file specified
  scene 13/15: Tap HELP in your mind. Now tap it on the screen!...
    mux fail: [WinError 2] The system cannot find the file specified
  scene 14/15: Yes! You asked for help!...
    mux fail: [WinError 2] The system cannot find the file specified
  scene 15/15: I am proud of you. You did it!...
    mux fail: [WinError 2] The system cannot find the file specified
  OK first_word_help_long.webm (~4s)
Building caly_quest_adventure_long...
  scene 1/13: Welcome, explorer! I am Caly Quest!...
    mux fail: [WinError 2] The system cannot find the file specified
  scene 2/13: Every adventure needs the right words....
    mux fail: [WinError 2] The system cannot find the file specified
  scene 3/13: Pick a word tile to start your quest....
    mux fail: [WinError 2] The system cannot find the file specified
  scene 4/13: Each picture is a tool for your journey....
    mux fail: [WinError 2] The system cannot find the file specified
  scene 5/13: You choose which word to use....
    mux fail: [WinError 2] The system cannot find the file specified
  scene 6/13: Your words. Your choices. Your adventure....
    mux fail: [WinError 2] The system cannot find the file specified
  scene 7/13: Friends on a quest respect each other....
    mux fail: [WinError 2] The system cannot find the file specified
  scene 8/13: Sometimes you say yes. Sometimes you say no....
    mux fail: [WinError 2] The system cannot find the file specified
  scene 9/13: No is always okay. Good friends listen....
    mux fail: [WinError 2] The system cannot find the file specified
  scene 10/13: You can take a break when you need one....
    mux fail: [WinError 2] The system cannot find the file specified
  scene 11/13: School, home, play - words go everywhere....
    mux fail: [WinError 2] The system cannot find the file specified
  scene 12/13: Ask Caly when you want to learn a new word....
    mux fail: [WinError 2] The system cannot find the file specified
  scene 13/13: Ready for your next word? Let's go!...
    mux fail: [WinError 2] The system cannot find the file specified
  OK caly_quest_adventure_long.webm (~4s)
