[libvpx-vp9 @ 000001fb5f038f00] Neither bitrate nor constrained quality specified, using default CRF of 32
[libvpx-vp9 @ 0000027a75838f00] Neither bitrate nor constrained quality specified, using default CRF of 32
[libvpx-vp9 @ 000002e4926f8f00] Neither bitrate nor constrained quality specified, using default CRF of 32
[libvpx-vp9 @ 0000028fdeac8f00] Neither bitrate nor constrained quality specified, using default CRF of 32
[libvpx-vp9 @ 0000015edaa38f00] Neither bitrate nor constrained quality specified, using default CRF of 32
[libvpx-vp9 @ 000001adfbb88f00] Neither bitrate nor constrained quality specified, using default CRF of 32
[libvpx-vp9 @ 00000144d7f88f00] Neither bitrate nor constrained quality specified, using default CRF of 32
[libvpx-vp9 @ 000001329de28f00] Neither bitrate nor constrained quality specified, using default CRF of 32
[libvpx-vp9 @ 0000024304248f00] Neither bitrate nor constrained quality specified, using default CRF of 32
[libvpx-vp9 @ 000001d3a6398f00] Neither bitrate nor constrained quality specified, using default CRF of 32
[libvpx-vp9 @ 000001fa0a2b8f00] Neither bitrate nor constrained quality specified, using default CRF of 32
[libvpx-vp9 @ 0000024931378f00] Neither bitrate nor constrained quality specified, using default CRF of 32
[libvpx-vp9 @ 000002c303658f00] Neither bitrate nor constrained quality specified, using default CRF of 32
[libvpx-vp9 @ 0000015ec2d48f00] Neither bitrate nor constrained quality specified, using default CRF of 32
[libvpx-vp9 @ 0000020510c58f00] Neither bitrate nor constrained quality specified, using default CRF of 32
[libvpx-vp9 @ 0000021433c58f00] Neither bitrate nor constrained quality specified, using default CRF of 32
[libvpx-vp9 @ 000002eb4ef38f00] Neither bitrate nor constrained quality specified, using default CRF of 32
[libvpx-vp9 @ 0000011b9cd88f00] Neither bitrate nor constrained quality specified, using default CRF of 32
[libvpx-vp9 @ 000001b3ad558f00] Neither bitrate nor constrained quality specified, using default CRF of 32
[libvpx-vp9 @ 000001bb5e5a8f00] Neither bitrate nor constrained quality specified, using default CRF of 32
[libvpx-vp9 @ 000002a2590a8f00] Neither bitrate nor constrained quality specified, using default CRF of 32
[libvpx-vp9 @ 0000020f189b8f00] Neither bitrate nor constrained quality specified, using default CRF of 32
[libvpx-vp9 @ 00000298470b8f00] Neither bitrate nor constrained quality specified, using default CRF of 32
[libvpx-vp9 @ 00000164aa288f00] Neither bitrate nor constrained quality specified, using default CRF of 32
[libvpx-vp9 @ 00000132e70a8f00] Neither bitrate nor constrained quality specified, using default CRF of 32
[libvpx-vp9 @ 0000013235e48f00] Neither bitrate nor constrained quality specified, using default CRF of 32
[libvpx-vp9 @ 0000013b917c8f00] Neither bitrate nor constrained quality specified, using default CRF of 32
[libvpx-vp9 @ 000001700a158f00] Neither bitrate nor constrained quality specified, using default CRF of 32
[libvpx-vp9 @ 000002289ce68f00] Neither bitrate nor constrained quality specified, using default CRF of 32
[libvpx-vp9 @ 000002960b138f00] Neither bitrate nor constrained quality specified, using default CRF of 32
[libvpx-vp9 @ 000001df86a68f00] Neither bitrate nor constrained quality specified, using default CRF of 32
[libvpx-vp9 @ 0000025208f28f00] Neither bitrate nor constrained quality specified, using default CRF of 32
[libvpx-vp9 @ 0000018dbd6d8f00] Neither bitrate nor constrained quality specified, using default CRF of 32
[libvpx-vp9 @ 000002466aa38f00] Neither bitrate nor constrained quality specified, using default CRF of 32
[libvpx-vp9 @ 00000147c7c88f00] Neither bitrate nor constrained quality specified, using default CRF of 32
[libvpx-vp9 @ 0000028d21478f00] Neither bitrate nor constrained quality specified, using default CRF of 32
[libvpx-vp9 @ 0000020284de8f00] Neither bitrate nor constrained quality specified, using default CRF of 32
[libvpx-vp9 @ 0000021e83358f00] Neither bitrate nor constrained quality specified, using default CRF of 32
[libvpx-vp9 @ 00000210d26e8f00] Neither bitrate nor constrained quality specified, using default CRF of 32
[libvpx-vp9 @ 0000016dff9b8f00] Neither bitrate nor constrained quality specified, using default CRF of 32
[libvpx-vp9 @ 0000027bb47c8f00] Neither bitrate nor constrained quality specified, using default CRF of 32
[libvpx-vp9 @ 000001adc9908f00] Neither bitrate nor constrained quality specified, using default CRF of 32
[libvpx-vp9 @ 00000252cf858f00] Neither bitrate nor constrained quality specified, using default CRF of 32
[libvpx-vp9 @ 000001ac0ae58f00] Neither bitrate nor constrained quality specified, using default CRF of 32
[libvpx-vp9 @ 000001e363a88f00] Neither bitrate nor constrained quality specified, using default CRF of 32
[libvpx-vp9 @ 0000028dcf778f00] Neither bitrate nor constrained quality specified, using default CRF of 32
[libvpx-vp9 @ 000001fa46708f00] Neither bitrate nor constrained quality specified, using default CRF of 32
[libvpx-vp9 @ 000001dfc7e48f00] Neither bitrate nor constrained quality specified, using default CRF of 32
[libvpx-vp9 @ 0000021e43258f00] Neither bitrate nor constrained quality specified, using default CRF of 32
[libvpx-vp9 @ 000002217d2c8f00] Neither bitrate nor constrained quality specified, using default CRF of 32
[libvpx-vp9 @ 000001d9e5688f00] Neither bitrate nor constrained quality specified, using default CRF of 32
[libvpx-vp9 @ 00000249db1d8f00] Neither bitrate nor constrained quality specified, using default CRF of 32
[libvpx-vp9 @ 000001d79b648f00] Neither bitrate nor constrained quality specified, using default CRF of 32
[libvpx-vp9 @ 0000029b26f98f00] Neither bitrate nor constrained quality specified, using default CRF of 32
[libvpx-vp9 @ 0000013a5f8e8f00] Neither bitrate nor constrained quality specified, using default CRF of 32
[libvpx-vp9 @ 0000029f9be78f00] Neither bitrate nor constrained quality specified, using default CRF of 32
[libvpx-vp9 @ 00000228e9de8f00] Neither bitrate nor constrained quality specified, using default CRF of 32
[libvpx-vp9 @ 0000028931018f00] Neither bitrate nor constrained quality specified, using default CRF of 32
[libvpx-vp9 @ 000002898dfc8f00] Neither bitrate nor constrained quality specified, using default CRF of 32
[libvpx-vp9 @ 00000217a87b8f00] Neither bitrate nor constrained quality specified, using default CRF of 32
[libvpx-vp9 @ 000001d3b98d8f00] Neither bitrate nor constrained quality specified, using default CRF of 32
[libvpx-vp9 @ 00000205f57e8f00] Neither bitrate nor constrained quality specified, using default CRF of 32
[libvpx-vp9 @ 00000288fb4a8f00] Neither bitrate nor constrained quality specified, using default CRF of 32
[libvpx-vp9 @ 000001e140848f00] Neither bitrate nor constrained quality specified, using default CRF of 32
[libvpx-vp9 @ 0000013a4c5b8f00] Neither bitrate nor constrained quality specified, using default CRF of 32
[libvpx-vp9 @ 00000197e4868f00] Neither bitrate nor constrained quality specified, using default CRF of 32
[libvpx-vp9 @ 0000018c97af8f00] Neither bitrate nor constrained quality specified, using default CRF of 32
[libvpx-vp9 @ 0000020925a58f00] Neither bitrate nor constrained quality specified, using default CRF of 32
[libvpx-vp9 @ 000001aa2d878f00] Neither bitrate nor constrained quality specified, using default CRF of 32
Building meet_caly_sprout_long...
  scene 1/25: Hi! I'm Caly Sprout! Welcome to Calyndra!...
  scene 2/25: I am your friendly helper for picture words....
  scene 3/25: Picture words help you tell grown-ups what you wan...
  scene 4/25: Like help, more, eat, and play!...
  scene 5/25: See the HELP picture? It means I need help....
  scene 6/25: You can tap a picture on the screen....
  scene 7/25: Or point to it. Or look at it. All of those count!...
  scene 8/25: A grown-up who loves you will listen....
  scene 9/25: You never have to use words with your mouth....
  scene 10/25: Pictures are a real way to talk!...
  scene 11/25: Let's try together. Can you find HELP?...
  scene 12/25: Tap the screen when you see it!...
  scene 13/25: Wonderful! Every try is a win!...
  scene 14/25: You can say no anytime. No is always okay....
  scene 15/25: MORE means I want another one. Let's find MORE!...
  scene 16/25: EAT means I am hungry. Yum yum!...
  scene 17/25: PLAY means let's have fun together!...
  scene 18/25: Let's sing: Hello, hello, Caly Sprout! We use our ...
  scene 19/25: Help and more and play and eat. Every word is oh-s...
  scene 20/25: Can you tap HELP one more time? Great trying!...
  scene 21/25: Can you tap MORE? Wonderful!...
  scene 22/25: Your grown-up is so proud when you use picture wor...
  scene 23/25: Remember: every try is a win, even a small try....
  scene 24/25: I am so happy you are here. Let's play and learn!...
  scene 25/25: See you next time, friend. Bye bye from Caly Sprou...
  OK meet_caly_sprout_long.webm (~132s)
Building first_word_help_long...
  scene 1/23: Sometimes things are hard to reach....
  scene 2/23: Or too heavy. Or confusing. That is okay!...
  scene 3/23: When you need help, use the HELP picture....
  scene 4/23: HELP means: please help me....
  scene 5/23: Look at the open hand reaching up....
  scene 6/23: Your grown-up can show you HELP on a board....
  scene 7/23: You tap HELP. They come help you....
  scene 8/23: You can also point. Or bring the picture to them....
  scene 9/23: Grown-ups want to help you....
  scene 10/23: They might not know until you show the picture....
  scene 11/23: That is why HELP is such a powerful word!...
  scene 12/23: Let's practice. Imagine a toy on a shelf....
  scene 13/23: Tap HELP in your mind. Now tap it on the screen!...
  scene 14/23: Yes! You asked for help!...
  scene 15/23: Let's practice HELP again. HELP, HELP, HELP!...
  scene 16/23: Show HELP when your shoe is tricky to put on....
  scene 17/23: Show HELP when you cannot open a snack....
  scene 18/23: Show HELP when you feel stuck. That is smart!...
  scene 19/23: Your grown-up will come. They want to help you....
  scene 20/23: One more time! Find HELP and tap!...
  scene 21/23: I am proud of you. You did it!...
  scene 22/23: HELP is your super word. Use it anytime....
  scene 23/23: Bye bye! You are a HELP superstar!...
  OK first_word_help_long.webm (~111s)
Building caly_quest_adventure_long...
  scene 1/21: Welcome, explorer! I am Caly Quest!...
  scene 2/21: Every adventure needs the right words....
  scene 3/21: Pick a word tile to start your quest....
  scene 4/21: Each picture is a tool for your journey....
  scene 5/21: You choose which word to use....
  scene 6/21: Your words. Your choices. Your adventure....
  scene 7/21: Friends on a quest respect each other....
  scene 8/21: Sometimes you say yes. Sometimes you say no....
  scene 9/21: No is always okay. Good friends listen....
  scene 10/21: You can take a break when you need one....
  scene 11/21: School, home, play - words go everywhere....
  scene 12/21: At school you might use HELP or BATHROOM....
  scene 13/21: With friends you might use SHARE or MY TURN....
  scene 14/21: If something feels too loud, use QUIET or BREAK....
  scene 15/21: Practice picking a word. Which one fits your quest...
  scene 16/21: Tap a word in the app and ask Caly about it!...
  scene 17/21: Every word you learn is a new power....
  scene 18/21: Quest with me, we will find the way. New words to ...
  scene 19/21: Ask Caly when you want to learn a new word....
  scene 20/21: Ready for your next word? Let's go!...
  scene 21/21: Great questing today, explorer. See you soon!...
  OK caly_quest_adventure_long.webm (~93s)
