[libvpx-vp9 @ 000001ff7af98f00] Neither bitrate nor constrained quality specified, using default CRF of 32
[libvpx-vp9 @ 000001bf64128f00] Neither bitrate nor constrained quality specified, using default CRF of 32
[libvpx-vp9 @ 0000016d7cac8f00] Neither bitrate nor constrained quality specified, using default CRF of 32
[libvpx-vp9 @ 000001d2210f8f00] Neither bitrate nor constrained quality specified, using default CRF of 32
[libvpx-vp9 @ 0000024951648f00] Neither bitrate nor constrained quality specified, using default CRF of 32
[libvpx-vp9 @ 000002a3a4b68f00] Neither bitrate nor constrained quality specified, using default CRF of 32
[libvpx-vp9 @ 000001b5ba298f00] Neither bitrate nor constrained quality specified, using default CRF of 32
[libvpx-vp9 @ 0000024ce5118f00] Neither bitrate nor constrained quality specified, using default CRF of 32
[libvpx-vp9 @ 0000027fca3f8f00] Neither bitrate nor constrained quality specified, using default CRF of 32
[libvpx-vp9 @ 000002096c528f00] Neither bitrate nor constrained quality specified, using default CRF of 32
[libvpx-vp9 @ 0000020b599b8f00] Neither bitrate nor constrained quality specified, using default CRF of 32
[libvpx-vp9 @ 000001a36b408f00] Neither bitrate nor constrained quality specified, using default CRF of 32
[libvpx-vp9 @ 000001bc80768f00] Neither bitrate nor constrained quality specified, using default CRF of 32
[libvpx-vp9 @ 000001a810a08f00] Neither bitrate nor constrained quality specified, using default CRF of 32
[libvpx-vp9 @ 000001a9cfad8f00] Neither bitrate nor constrained quality specified, using default CRF of 32
[libvpx-vp9 @ 000002263de78f00] Neither bitrate nor constrained quality specified, using default CRF of 32
[libvpx-vp9 @ 0000020a69b88f00] Neither bitrate nor constrained quality specified, using default CRF of 32
[libvpx-vp9 @ 000002a83fce8f00] Neither bitrate nor constrained quality specified, using default CRF of 32
[libvpx-vp9 @ 000001f00bee8f00] Neither bitrate nor constrained quality specified, using default CRF of 32
[libvpx-vp9 @ 000001e1514b8f00] Neither bitrate nor constrained quality specified, using default CRF of 32
[libvpx-vp9 @ 00000217f92e8f00] Neither bitrate nor constrained quality specified, using default CRF of 32
[libvpx-vp9 @ 000001b1fc038f00] Neither bitrate nor constrained quality specified, using default CRF of 32
[libvpx-vp9 @ 0000023b7baf8f00] Neither bitrate nor constrained quality specified, using default CRF of 32
[libvpx-vp9 @ 00000283ebd98f00] Neither bitrate nor constrained quality specified, using default CRF of 32
[libvpx-vp9 @ 0000026f73f28f00] Neither bitrate nor constrained quality specified, using default CRF of 32
[libvpx-vp9 @ 000002429aa28f00] Neither bitrate nor constrained quality specified, using default CRF of 32
[libvpx-vp9 @ 000002305e1a8f00] Neither bitrate nor constrained quality specified, using default CRF of 32
[libvpx-vp9 @ 0000022297268f00] Neither bitrate nor constrained quality specified, using default CRF of 32
[libvpx-vp9 @ 000001762c988f00] Neither bitrate nor constrained quality specified, using default CRF of 32
[libvpx-vp9 @ 0000023441fb8f00] Neither bitrate nor constrained quality specified, using default CRF of 32
[libvpx-vp9 @ 000001aba41a8f00] Neither bitrate nor constrained quality specified, using default CRF of 32
[libvpx-vp9 @ 000002988d978f00] Neither bitrate nor constrained quality specified, using default CRF of 32
[libvpx-vp9 @ 00000119dde38f00] Neither bitrate nor constrained quality specified, using default CRF of 32
[libvpx-vp9 @ 0000016758428f00] Neither bitrate nor constrained quality specified, using default CRF of 32
[libvpx-vp9 @ 00000201b7e98f00] Neither bitrate nor constrained quality specified, using default CRF of 32
[libvpx-vp9 @ 0000019b55c08f00] Neither bitrate nor constrained quality specified, using default CRF of 32
[libvpx-vp9 @ 000001e5d94e8f00] Neither bitrate nor constrained quality specified, using default CRF of 32
[libvpx-vp9 @ 000001712f838f00] Neither bitrate nor constrained quality specified, using default CRF of 32
[libvpx-vp9 @ 000001d93e788f00] Neither bitrate nor constrained quality specified, using default CRF of 32
[libvpx-vp9 @ 000001febd808f00] Neither bitrate nor constrained quality specified, using default CRF of 32
[libvpx-vp9 @ 0000018557468f00] Neither bitrate nor constrained quality specified, using default CRF of 32
[libvpx-vp9 @ 0000019e96f08f00] Neither bitrate nor constrained quality specified, using default CRF of 32
[libvpx-vp9 @ 000002b50e8c8f00] Neither bitrate nor constrained quality specified, using default CRF of 32
Building meet_caly_sprout_long...
  scene 1/15: Hi! I'm Caly Sprout! Welcome to Calyndra!...
  scene 2/15: I am your friendly helper for picture words....
  scene 3/15: Picture words help you tell grown-ups what you wan...
  scene 4/15: Like help, more, eat, and play!...
  scene 5/15: See the HELP picture? It means I need help....
  scene 6/15: You can tap a picture on the screen....
  scene 7/15: Or point to it. Or look at it. All of those count!...
  scene 8/15: A grown-up who loves you will listen....
  scene 9/15: You never have to use words with your mouth....
  scene 10/15: Pictures are a real way to talk!...
  scene 11/15: Let's try together. Can you find HELP?...
  scene 12/15: Tap the screen when you see it!...
  scene 13/15: Wonderful! Every try is a win!...
  scene 14/15: You can say no anytime. No is always okay....
  scene 15/15: I am so happy you are here. Let's play and learn!...
  OK meet_caly_sprout_long.webm (~75s)
Building first_word_help_long...
  scene 1/15: Sometimes things are hard to reach....
  scene 2/15: Or too heavy. Or confusing. That is okay!...
  scene 3/15: When you need help, use the HELP picture....
  scene 4/15: HELP means: please help me....
  scene 5/15: Look at the open hand reaching up....
  scene 6/15: Your grown-up can show you HELP on a board....
  scene 7/15: You tap HELP. They come help you....
  scene 8/15: You can also point. Or bring the picture to them....
  scene 9/15: Grown-ups want to help you....
  scene 10/15: They might not know until you show the picture....
  scene 11/15: That is why HELP is such a powerful word!...
  scene 12/15: Let's practice. Imagine a toy on a shelf....
  scene 13/15: Tap HELP in your mind. Now tap it on the screen!...
  scene 14/15: Yes! You asked for help!...
  scene 15/15: I am proud of you. You did it!...
  OK first_word_help_long.webm (~70s)
Building caly_quest_adventure_long...
  scene 1/13: Welcome, explorer! I am Caly Quest!...
  scene 2/13: Every adventure needs the right words....
  scene 3/13: Pick a word tile to start your quest....
  scene 4/13: Each picture is a tool for your journey....
  scene 5/13: You choose which word to use....
  scene 6/13: Your words. Your choices. Your adventure....
  scene 7/13: Friends on a quest respect each other....
  scene 8/13: Sometimes you say yes. Sometimes you say no....
  scene 9/13: No is always okay. Good friends listen....
  scene 10/13: You can take a break when you need one....
  scene 11/13: School, home, play - words go everywhere....
  scene 12/13: Ask Caly when you want to learn a new word....
  scene 13/13: Ready for your next word? Let's go!...
  OK caly_quest_adventure_long.webm (~55s)
